\BOOKMARK [0][-]{chapter.1}{Motivaci\363n}{}% 1
\BOOKMARK [0][-]{chapter.2}{Fundamentos te\363ricos}{}% 2
\BOOKMARK [0][-]{chapter.3}{Determinaci\363n de la situaci\363n actual}{}% 3
\BOOKMARK [0][-]{chapter.4}{BASE TECN\323LOGICA}{}% 4
\BOOKMARK [1][-]{section.4.1}{Lenguajes}{chapter.4}% 5
\BOOKMARK [2][-]{subsection.4.1.1}{Java SE 8}{section.4.1}% 6
\BOOKMARK [2][-]{subsection.4.1.2}{HTML}{section.4.1}% 7
\BOOKMARK [2][-]{subsection.4.1.3}{CSS}{section.4.1}% 8
\BOOKMARK [1][-]{section.4.2}{Frameworks y librer\355as}{chapter.4}% 9
\BOOKMARK [2][-]{subsection.4.2.1}{Core}{section.4.2}% 10
\BOOKMARK [1][-]{section.4.3}{Web}{chapter.4}% 11
\BOOKMARK [2][-]{subsection.4.3.1}{Pruebas}{section.4.3}% 12
\BOOKMARK [2][-]{subsection.4.3.2}{Protocolos}{section.4.3}% 13
\BOOKMARK [1][-]{section.4.4}{Hypertext Transfer Protocol o HTTP}{chapter.4}% 14
\BOOKMARK [2][-]{subsection.4.4.1}{Herramientas de Desarrollo}{section.4.4}% 15
\BOOKMARK [1][-]{section.4.5}{Maven}{chapter.4}% 16
\BOOKMARK [2][-]{subsection.4.5.1}{Sistemas de Gesti\363n de Bases de Datos}{section.4.5}% 17
\BOOKMARK [2][-]{subsection.4.5.2}{Herramientas de apoyo}{section.4.5}% 18
\BOOKMARK [0][-]{chapter.5}{INTRODUCCI\323N AL DESARROLLO REALIZADO}{}% 19
\BOOKMARK [1][-]{section.5.1}{Introducci\363n}{chapter.5}% 20
\BOOKMARK [1][-]{section.5.2}{Tecnolog\355as}{chapter.5}% 21
\BOOKMARK [1][-]{section.5.3}{Metodolog\355a e Iteraciones}{chapter.5}% 22
\BOOKMARK [2][-]{subsection.5.3.1}{Proceso Unificado}{section.5.3}% 23
\BOOKMARK [2][-]{subsection.5.3.2}{Iteraciones}{section.5.3}% 24
\BOOKMARK [0][-]{chapter.6}{PLANIFICACI\323N Y AN\301LISIS DE COSTES}{}% 25
\BOOKMARK [1][-]{section.6.1}{An\341lisis de viabilidad}{chapter.6}% 26
\BOOKMARK [1][-]{section.6.2}{Planificaci\363n}{chapter.6}% 27
\BOOKMARK [2][-]{subsection.6.2.1}{Planificaci\363n previa}{section.6.2}% 28
\BOOKMARK [2][-]{subsection.6.2.2}{Iteraciones}{section.6.2}% 29
\BOOKMARK [2][-]{subsection.6.2.3}{Diagrama de Gantt}{section.6.2}% 30
\BOOKMARK [0][-]{chapter.7}{REQUISITOS DEL SISTEMA}{}% 31
\BOOKMARK [1][-]{section.7.1}{Introducci\363n}{chapter.7}% 32
\BOOKMARK [1][-]{section.7.2}{Actores}{chapter.7}% 33
\BOOKMARK [1][-]{section.7.3}{Casos de Uso}{chapter.7}% 34
\BOOKMARK [2][-]{subsection.7.3.1}{Casos de uso comunes}{section.7.3}% 35
\BOOKMARK [1][-]{section.7.4}{Modelo de Casos de uso}{chapter.7}% 36
\BOOKMARK [2][-]{subsection.7.4.1}{Casos de uso comunes}{section.7.4}% 37
\BOOKMARK [2][-]{subsection.7.4.2}{Casos de uso usuario}{section.7.4}% 38
\BOOKMARK [2][-]{subsection.7.4.3}{Casos de uso administrador}{section.7.4}% 39
\BOOKMARK [0][-]{chapter.8}{DISE\321O DE LA APLICACI\323N}{}% 40
\BOOKMARK [1][-]{section.8.1}{Introducci\363n y Objetivos}{chapter.8}% 41
\BOOKMARK [1][-]{section.8.2}{Arquitectura general}{chapter.8}% 42
\BOOKMARK [1][-]{section.8.3}{Subsistema Backend efw-back}{chapter.8}% 43
\BOOKMARK [2][-]{subsection.8.3.1}{Arquitectura}{section.8.3}% 44
\BOOKMARK [2][-]{subsection.8.3.2}{Modelo del dominio}{section.8.3}% 45
\BOOKMARK [2][-]{subsection.8.3.3}{Capa de Acceso a Datos}{section.8.3}% 46
\BOOKMARK [2][-]{subsection.8.3.4}{Capa Servicios del Modelo}{section.8.3}% 47
\BOOKMARK [1][-]{section.8.4}{Subsistema Frontend efw-front}{chapter.8}% 48
\BOOKMARK [2][-]{subsection.8.4.1}{M\363dulos empleados}{section.8.4}% 49
\BOOKMARK [0][-]{chapter.9}{IMPLEMENTACI\323N}{}% 50
\BOOKMARK [1][-]{section.9.1}{Software requerido}{chapter.9}% 51
\BOOKMARK [1][-]{section.9.2}{Estructura}{chapter.9}% 52
\BOOKMARK [2][-]{subsection.9.2.1}{Instrucciones de compilaci\363n}{section.9.2}% 53
\BOOKMARK [0][-]{chapter.10}{PRUEBAS}{}% 54
\BOOKMARK [1][-]{section.10.1}{Introducci\363n}{chapter.10}% 55
\BOOKMARK [1][-]{section.10.2}{Pruebas Unitarias}{chapter.10}% 56
\BOOKMARK [1][-]{section.10.3}{Pruebas de Integraci\363n}{chapter.10}% 57
\BOOKMARK [0][-]{chapter.11}{CONCLUSIONES Y FUTURAS L\315NEAS DE TRABAJO}{}% 58
\BOOKMARK [1][-]{section.11.1}{Conclusiones}{chapter.11}% 59
\BOOKMARK [1][-]{section.11.2}{Futuras L\355neas de Trabajo}{chapter.11}% 60
\BOOKMARK [0][-]{chapter.12}{ACR\323NIMOS}{}% 61
\BOOKMARK [0][-]{appendix.Alph1}{AP\311NDICE}{}% 62
\BOOKMARK [1][-]{section.Alph1.1}{Instalaci\363n del Software}{appendix.Alph1}% 63
\BOOKMARK [1][-]{section.Alph1.2}{Contenido del CD}{appendix.Alph1}% 64
\BOOKMARK [1][-]{section.Alph1.3}{Manual de Usuario}{appendix.Alph1}% 65
