\BOOKMARK [0][-]{chapter.1}{INTRODUCCI\323N}{}% 1
\BOOKMARK [1][-]{section.1.1}{Determinaci\363n de la situaci\363n actual}{chapter.1}% 2
\BOOKMARK [1][-]{section.1.2}{Alcance y objetivos}{chapter.1}% 3
\BOOKMARK [0][-]{chapter.2}{BASE TECN\323LOGICA}{}% 4
\BOOKMARK [1][-]{section.2.1}{Lenguajes}{chapter.2}% 5
\BOOKMARK [2][-]{subsection.2.1.1}{Java SE 8}{section.2.1}% 6
\BOOKMARK [2][-]{subsection.2.1.2}{HTML}{section.2.1}% 7
\BOOKMARK [2][-]{subsection.2.1.3}{CSS}{section.2.1}% 8
\BOOKMARK [1][-]{section.2.2}{Frameworks y librer\355as}{chapter.2}% 9
\BOOKMARK [2][-]{subsection.2.2.1}{Core}{section.2.2}% 10
\BOOKMARK [1][-]{section.2.3}{Web}{chapter.2}% 11
\BOOKMARK [2][-]{subsection.2.3.1}{Pruebas}{section.2.3}% 12
\BOOKMARK [2][-]{subsection.2.3.2}{Protocolos}{section.2.3}% 13
\BOOKMARK [1][-]{section.2.4}{Hypertext Transfer Protocol o HTTP}{chapter.2}% 14
\BOOKMARK [2][-]{subsection.2.4.1}{Herramientas de Desarrollo}{section.2.4}% 15
\BOOKMARK [1][-]{section.2.5}{Maven}{chapter.2}% 16
\BOOKMARK [2][-]{subsection.2.5.1}{Servidores de Aplicaciones}{section.2.5}% 17
\BOOKMARK [2][-]{subsection.2.5.2}{Sistemas de Gesti\363n de Bases de Datos}{section.2.5}% 18
\BOOKMARK [2][-]{subsection.2.5.3}{Herramientas de apoyo}{section.2.5}% 19
\BOOKMARK [0][-]{chapter.3}{INTRODUCCI\323N AL DESARROLLO REALIZADO}{}% 20
\BOOKMARK [1][-]{section.3.1}{Introducci\363n}{chapter.3}% 21
\BOOKMARK [1][-]{section.3.2}{Tecnolog\355as}{chapter.3}% 22
\BOOKMARK [1][-]{section.3.3}{Metodolog\355a e Iteraciones}{chapter.3}% 23
\BOOKMARK [2][-]{subsection.3.3.1}{Proceso Unificado}{section.3.3}% 24
\BOOKMARK [2][-]{subsection.3.3.2}{Iteraciones}{section.3.3}% 25
\BOOKMARK [0][-]{chapter.4}{PLANIFICACI\323N Y AN\301LISIS DE COSTES}{}% 26
\BOOKMARK [1][-]{section.4.1}{An\341lisis de viabilidad}{chapter.4}% 27
\BOOKMARK [1][-]{section.4.2}{Planificaci\363n}{chapter.4}% 28
\BOOKMARK [2][-]{subsection.4.2.1}{Planificaci\363n previa}{section.4.2}% 29
\BOOKMARK [2][-]{subsection.4.2.2}{Iteraciones}{section.4.2}% 30
\BOOKMARK [2][-]{subsection.4.2.3}{Diagrama de Gantt}{section.4.2}% 31
\BOOKMARK [0][-]{chapter.5}{REQUISITOS DEL SISTEMA}{}% 32
\BOOKMARK [1][-]{section.5.1}{Introducci\363n}{chapter.5}% 33
\BOOKMARK [1][-]{section.5.2}{Actores}{chapter.5}% 34
\BOOKMARK [1][-]{section.5.3}{Casos de Uso}{chapter.5}% 35
\BOOKMARK [2][-]{subsection.5.3.1}{Casos de uso comunes}{section.5.3}% 36
\BOOKMARK [1][-]{section.5.4}{Modelo de Casos de uso}{chapter.5}% 37
\BOOKMARK [2][-]{subsection.5.4.1}{Casos de uso comunes}{section.5.4}% 38
\BOOKMARK [2][-]{subsection.5.4.2}{Casos de uso usuario}{section.5.4}% 39
\BOOKMARK [2][-]{subsection.5.4.3}{Casos de uso administrador}{section.5.4}% 40
\BOOKMARK [0][-]{chapter.6}{DISE\321O DE LA APLICACI\323N}{}% 41
\BOOKMARK [1][-]{section.6.1}{Introducci\363n y Objetivos}{chapter.6}% 42
\BOOKMARK [1][-]{section.6.2}{Resumen de Patrones usadosPatrones}{chapter.6}% 43
\BOOKMARK [1][-]{section.6.3}{Arquitectura general}{chapter.6}% 44
\BOOKMARK [1][-]{section.6.4}{SUBSISTEMA POJO-MODELUTIL}{chapter.6}% 45
\BOOKMARK [2][-]{subsection.6.4.1}{Objetivos}{section.6.4}% 46
\BOOKMARK [2][-]{subsection.6.4.2}{Utilidades}{section.6.4}% 47
\BOOKMARK [1][-]{section.6.5}{SUBSISTEMA APLICACI\323N}{chapter.6}% 48
\BOOKMARK [2][-]{subsection.6.5.1}{Arquitectura}{section.6.5}% 49
\BOOKMARK [2][-]{subsection.6.5.2}{Modelo del dominio}{section.6.5}% 50
\BOOKMARK [2][-]{subsection.6.5.3}{Capa de Acceso a Datos}{section.6.5}% 51
\BOOKMARK [2][-]{subsection.6.5.4}{Capa Servicios del Modelo}{section.6.5}% 52
\BOOKMARK [2][-]{subsection.6.5.5}{Capa Web}{section.6.5}% 53
\BOOKMARK [0][-]{chapter.7}{IMPLEMENTACI\323N}{}% 54
\BOOKMARK [1][-]{section.7.1}{Software requerido}{chapter.7}% 55
\BOOKMARK [1][-]{section.7.2}{Estructura}{chapter.7}% 56
\BOOKMARK [2][-]{subsection.7.2.1}{Instrucciones de compilaci\363n}{section.7.2}% 57
\BOOKMARK [0][-]{chapter.8}{PRUEBAS}{}% 58
\BOOKMARK [1][-]{section.8.1}{Introducci\363n}{chapter.8}% 59
\BOOKMARK [1][-]{section.8.2}{Pruebas Unitarias}{chapter.8}% 60
\BOOKMARK [1][-]{section.8.3}{Pruebas de Integraci\363n}{chapter.8}% 61
\BOOKMARK [0][-]{chapter.9}{CONCLUSIONES Y FUTURAS L\315NEAS DE TRABAJO}{}% 62
\BOOKMARK [1][-]{section.9.1}{Conclusiones}{chapter.9}% 63
\BOOKMARK [1][-]{section.9.2}{Futuras L\355neas de Trabajo}{chapter.9}% 64
\BOOKMARK [0][-]{chapter.10}{ACR\323NIMOS}{}% 65
\BOOKMARK [0][-]{appendix.Alph1}{AP\311NDICE}{}% 66
\BOOKMARK [1][-]{section.Alph1.1}{Instalaci\363n del Software}{appendix.Alph1}% 67
\BOOKMARK [1][-]{section.Alph1.2}{Contenido del CD}{appendix.Alph1}% 68
\BOOKMARK [1][-]{section.Alph1.3}{Manual de Usuario}{appendix.Alph1}% 69
